# JRE version: Java(TM) SE Runtime Environment (8.0_181-b13) (build 1.8.0_181-b13)
# Java VM: Java HotSpot(TM) 64-Bit Server VM (25.181-b13 mixed mode windows-amd64 compressed oops)
Heap:
 PSYoungGen      total 219648K, used 206665K [0x00000000eb000000, 0x00000000ff700000, 0x0000000100000000)
  eden space 206848K, 99% used [0x00000000eb000000,0x00000000f79d2530,0x00000000f7a00000)
  from space 12800K, 0% used [0x00000000f7a00000,0x00000000f7a00000,0x00000000f8680000)
  to   space 13312K, 0% used [0x00000000fea00000,0x00000000fea00000,0x00000000ff700000)
 ParOldGen       total 67584K, used 30496K [0x00000000c1000000, 0x00000000c5200000, 0x00000000eb000000)
  object space 67584K, 45% used [0x00000000c1000000,0x00000000c2dc8220,0x00000000c5200000)
 Metaspace       used 68463K, capacity 71364K, committed 71640K, reserved 1112064K
  class space    used 9355K, capacity 9864K, committed 9984K, reserved 1048576K
GC Heap History (10 events):
Event: 10.143 GC heap before
{Heap before GC invocations=12 (full 2):
 PSYoungGen      total 149504K, used 5242K [0x00000000eb000000, 0x00000000f6200000, 0x0000000100000000)
  eden space 137216K, 0% used [0x00000000eb000000,0x00000000eb000000,0x00000000f3600000)
  from space 12288K, 42% used [0x00000000f4180000,0x00000000f469e8b0,0x00000000f4d80000)
  to   space 11776K, 0% used [0x00000000f3600000,0x00000000f3600000,0x00000000f4180000)
 ParOldGen       total 33792K, used 18331K [0x00000000c1000000, 0x00000000c3100000, 0x00000000eb000000)
  object space 33792K, 54% used [0x00000000c1000000,0x00000000c21e6c60,0x00000000c3100000)
 Metaspace       used 33823K, capacity 35344K, committed 35416K, reserved 1079296K
  class space    used 4401K, capacity 4680K, committed 4736K, reserved 1048576K
Event: 10.262 GC heap after
Heap after GC invocations=12 (full 2):
 PSYoungGen      total 149504K, used 0K [0x00000000eb000000, 0x00000000f6200000, 0x0000000100000000)
  eden space 137216K, 0% used [0x00000000eb000000,0x00000000eb000000,0x00000000f3600000)
  from space 12288K, 0% used [0x00000000f4180000,0x00000000f4180000,0x00000000f4d80000)
  to   space 11776K, 0% used [0x00000000f3600000,0x00000000f3600000,0x00000000f4180000)
 ParOldGen       total 50176K, used 17490K [0x00000000c1000000, 0x00000000c4100000, 0x00000000eb000000)
  object space 50176K, 34% used [0x00000000c1000000,0x00000000c21148c0,0x00000000c4100000)
 Metaspace       used 33823K, capacity 35344K, committed 35416K, reserved 1079296K
  class space    used 4401K, capacity 4680K, committed 4736K, reserved 1048576K
}
Event: 11.909 GC heap before
{Heap before GC invocations=13 (full 2):
 PSYoungGen      total 149504K, used 137216K [0x00000000eb000000, 0x00000000f6200000, 0x0000000100000000)
  eden space 137216K, 100% used [0x00000000eb000000,0x00000000f3600000,0x00000000f3600000)
  from space 12288K, 0% used [0x00000000f4180000,0x00000000f4180000,0x00000000f4d80000)
  to   space 11776K, 0% used [0x00000000f3600000,0x00000000f3600000,0x00000000f4180000)
 ParOldGen       total 50176K, used 17490K [0x00000000c1000000, 0x00000000c4100000, 0x00000000eb000000)
  object space 50176K, 34% used [0x00000000c1000000,0x00000000c21148c0,0x00000000c4100000)
 Metaspace       used 41045K, capacity 42826K, committed 42968K, reserved 1087488K
  class space    used 5285K, capacity 5607K, committed 5632K, reserved 1048576K
Event: 11.920 GC heap after
Heap after GC invocations=13 (full 2):
 PSYoungGen      total 148992K, used 8650K [0x00000000eb000000, 0x00000000f9480000, 0x0000000100000000)
  eden space 137216K, 0% used [0x00000000eb000000,0x00000000eb000000,0x00000000f3600000)
  from space 11776K, 73% used [0x00000000f3600000,0x00000000f3e72bf0,0x00000000f4180000)
  to   space 12288K, 0% used [0x00000000f8880000,0x00000000f8880000,0x00000000f9480000)
 ParOldGen       total 50176K, used 17498K [0x00000000c1000000, 0x00000000c4100000, 0x00000000eb000000)
  object space 50176K, 34% used [0x00000000c1000000,0x00000000c21168c0,0x00000000c4100000)
 Metaspace       used 41045K, capacity 42826K, committed 42968K, reserved 1087488K
  class space    used 5285K, capacity 5607K, committed 5632K, reserved 1048576K
}
Event: 13.376 GC heap before
{Heap before GC invocations=14 (full 2):
 PSYoungGen      total 148992K, used 145866K [0x00000000eb000000, 0x00000000f9480000, 0x0000000100000000)
  eden space 137216K, 100% used [0x00000000eb000000,0x00000000f3600000,0x00000000f3600000)
  from space 11776K, 73% used [0x00000000f3600000,0x00000000f3e72bf0,0x00000000f4180000)
  to   space 12288K, 0% used [0x00000000f8880000,0x00000000f8880000,0x00000000f9480000)
 ParOldGen       total 50176K, used 17498K [0x00000000c1000000, 0x00000000c4100000, 0x00000000eb000000)
  object space 50176K, 34% used [0x00000000c1000000,0x00000000c21168c0,0x00000000c4100000)
 Metaspace       used 49248K, capacity 51052K, committed 51288K, reserved 1093632K
  class space    used 6625K, capacity 6954K, committed 7040K, reserved 1048576K
Event: 13.402 GC heap after
Heap after GC invocations=14 (full 2):
 PSYoungGen      total 217600K, used 8825K [0x00000000eb000000, 0x00000000f9300000, 0x0000000100000000)
  eden space 206848K, 0% used [0x00000000eb000000,0x00000000eb000000,0x00000000f7a00000)
  from space 10752K, 82% used [0x00000000f8880000,0x00000000f911e7f8,0x00000000f9300000)
  to   space 12800K, 0% used [0x00000000f7a00000,0x00000000f7a00000,0x00000000f8680000)
 ParOldGen       total 50176K, used 21163K [0x00000000c1000000, 0x00000000c4100000, 0x00000000eb000000)
  object space 50176K, 42% used [0x00000000c1000000,0x00000000c24aaf28,0x00000000c4100000)
 Metaspace       used 49248K, capacity 51052K, committed 51288K, reserved 1093632K
  class space    used 6625K, capacity 6954K, committed 7040K, reserved 1048576K
}
Event: 16.396 GC heap before
{Heap before GC invocations=15 (full 2):
 PSYoungGen      total 217600K, used 130754K [0x00000000eb000000, 0x00000000f9300000, 0x0000000100000000)
  eden space 206848K, 58% used [0x00000000eb000000,0x00000000f2712260,0x00000000f7a00000)
  from space 10752K, 82% used [0x00000000f8880000,0x00000000f911e7f8,0x00000000f9300000)
  to   space 12800K, 0% used [0x00000000f7a00000,0x00000000f7a00000,0x00000000f8680000)
 ParOldGen       total 50176K, used 21163K [0x00000000c1000000, 0x00000000c4100000, 0x00000000eb000000)
  object space 50176K, 42% used [0x00000000c1000000,0x00000000c24aaf28,0x00000000c4100000)
 Metaspace       used 56561K, capacity 59004K, committed 59028K, reserved 1099776K
  class space    used 7750K, capacity 8172K, committed 8192K, reserved 1048576K
Event: 16.473 GC heap after
Heap after GC invocations=15 (full 2):
 PSYoungGen      total 219648K, used 9198K [0x00000000eb000000, 0x00000000ff700000, 0x0000000100000000)
  eden space 206848K, 0% used [0x00000000eb000000,0x00000000eb000000,0x00000000f7a00000)
  from space 12800K, 71% used [0x00000000f7a00000,0x00000000f82fb828,0x00000000f8680000)
  to   space 13312K, 0% used [0x00000000fea00000,0x00000000fea00000,0x00000000ff700000)
 ParOldGen       total 50176K, used 22859K [0x00000000c1000000, 0x00000000c4100000, 0x00000000eb000000)
  object space 50176K, 45% used [0x00000000c1000000,0x00000000c2652f78,0x00000000c4100000)
 Metaspace       used 56561K, capacity 59004K, committed 59028K, reserved 1099776K
  class space    used 7750K, capacity 8172K, committed 8192K, reserved 1048576K
}
Event: 16.473 GC heap before
{Heap before GC invocations=16 (full 3):
 PSYoungGen      total 219648K, used 9198K [0x00000000eb000000, 0x00000000ff700000, 0x0000000100000000)
  eden space 206848K, 0% used [0x00000000eb000000,0x00000000eb000000,0x00000000f7a00000)
  from space 12800K, 71% used [0x00000000f7a00000,0x00000000f82fb828,0x00000000f8680000)
  to   space 13312K, 0% used [0x00000000fea00000,0x00000000fea00000,0x00000000ff700000)
 ParOldGen       total 50176K, used 22859K [0x00000000c1000000, 0x00000000c4100000, 0x00000000eb000000)
  object space 50176K, 45% used [0x00000000c1000000,0x00000000c2652f78,0x00000000c4100000)
 Metaspace       used 56561K, capacity 59004K, committed 59028K, reserved 1099776K
  class space    used 7750K, capacity 8172K, committed 8192K, reserved 1048576K
Event: 16.870 GC heap after
Heap after GC invocations=16 (full 3):
 PSYoungGen      total 219648K, used 0K [0x00000000eb000000, 0x00000000ff700000, 0x0000000100000000)
  eden space 206848K, 0% used [0x00000000eb000000,0x00000000eb000000,0x00000000f7a00000)
  from space 12800K, 0% used [0x00000000f7a00000,0x00000000f7a00000,0x00000000f8680000)
  to   space 13312K, 0% used [0x00000000fea00000,0x00000000fea00000,0x00000000ff700000)
 ParOldGen       total 67584K, used 30496K [0x00000000c1000000, 0x00000000c5200000, 0x00000000eb000000)
  object space 67584K, 45% used [0x00000000c1000000,0x00000000c2dc8220,0x00000000c5200000)
 Metaspace       used 56561K, capacity 59004K, committed 59028K, reserved 1099776K
  class space    used 7750K, capacity 8172K, committed 8192K, reserved 1048576K
}

