# JRE version: Java(TM) SE Runtime Environment (8.0_111-b14) (build 1.8.0_111-b14)
# Java VM: Java HotSpot(TM) 64-Bit Server VM (25.111-b14 mixed mode windows-amd64 compressed oops)
Heap:
 PSYoungGen      total 551424K, used 49178K [0x00000000d5f80000, 0x00000000f8c00000, 0x0000000100000000)
  eden space 532992K, 9% used [0x00000000d5f80000,0x00000000d8f46800,0x00000000f6800000)
  from space 18432K, 1% used [0x00000000f6800000,0x00000000f6840000,0x00000000f7a00000)
  to   space 4608K, 0% used [0x00000000f8780000,0x00000000f8780000,0x00000000f8c00000)
 ParOldGen       total 113152K, used 34327K [0x0000000081e00000, 0x0000000088c80000, 0x00000000d5f80000)
  object space 113152K, 30% used [0x0000000081e00000,0x0000000083f85cf0,0x0000000088c80000)
 Metaspace       used 72756K, capacity 76120K, committed 76248K, reserved 1116160K
  class space    used 9617K, capacity 10184K, committed 10240K, reserved 1048576K
GC Heap History (10 events):
Event: 75.520 GC heap before
{Heap before GC invocations=18 (full 3):
 PSYoungGen      total 397824K, used 396432K [0x00000000d5f80000, 0x00000000efb00000, 0x0000000100000000)
  eden space 387584K, 100% used [0x00000000d5f80000,0x00000000eda00000,0x00000000eda00000)
  from space 10240K, 86% used [0x00000000ef100000,0x00000000ef9a4100,0x00000000efb00000)
  to   space 16896K, 0% used [0x00000000eda00000,0x00000000eda00000,0x00000000eea80000)
 ParOldGen       total 113152K, used 25415K [0x0000000081e00000, 0x0000000088c80000, 0x00000000d5f80000)
  object space 113152K, 22% used [0x0000000081e00000,0x00000000836d1d10,0x0000000088c80000)
 Metaspace       used 72687K, capacity 76056K, committed 76248K, reserved 1116160K
  class space    used 9617K, capacity 10184K, committed 10240K, reserved 1048576K
Event: 75.594 GC heap after
Heap after GC invocations=18 (full 3):
 PSYoungGen      total 404480K, used 320K [0x00000000d5f80000, 0x00000000f9900000, 0x0000000100000000)
  eden space 387584K, 0% used [0x00000000d5f80000,0x00000000d5f80000,0x00000000eda00000)
  from space 16896K, 1% used [0x00000000eda00000,0x00000000eda50000,0x00000000eea80000)
  to   space 17920K, 0% used [0x00000000f8780000,0x00000000f8780000,0x00000000f9900000)
 ParOldGen       total 113152K, used 34055K [0x0000000081e00000, 0x0000000088c80000, 0x00000000d5f80000)
  object space 113152K, 30% used [0x0000000081e00000,0x0000000083f41cf0,0x0000000088c80000)
 Metaspace       used 72687K, capacity 76056K, committed 76248K, reserved 1116160K
  class space    used 9617K, capacity 10184K, committed 10240K, reserved 1048576K
}
Event: 85.030 GC heap before
{Heap before GC invocations=19 (full 3):
 PSYoungGen      total 404480K, used 387904K [0x00000000d5f80000, 0x00000000f9900000, 0x0000000100000000)
  eden space 387584K, 100% used [0x00000000d5f80000,0x00000000eda00000,0x00000000eda00000)
  from space 16896K, 1% used [0x00000000eda00000,0x00000000eda50000,0x00000000eea80000)
  to   space 17920K, 0% used [0x00000000f8780000,0x00000000f8780000,0x00000000f9900000)
 ParOldGen       total 113152K, used 34055K [0x0000000081e00000, 0x0000000088c80000, 0x00000000d5f80000)
  object space 113152K, 30% used [0x0000000081e00000,0x0000000083f41cf0,0x0000000088c80000)
 Metaspace       used 72701K, capacity 76056K, committed 76248K, reserved 1116160K
  class space    used 9617K, capacity 10184K, committed 10240K, reserved 1048576K
Event: 85.046 GC heap after
Heap after GC invocations=19 (full 3):
 PSYoungGen      total 537600K, used 288K [0x00000000d5f80000, 0x00000000f8c00000, 0x0000000100000000)
  eden space 532992K, 0% used [0x00000000d5f80000,0x00000000d5f80000,0x00000000f6800000)
  from space 4608K, 6% used [0x00000000f8780000,0x00000000f87c8000,0x00000000f8c00000)
  to   space 18432K, 0% used [0x00000000f6800000,0x00000000f6800000,0x00000000f7a00000)
 ParOldGen       total 113152K, used 34191K [0x0000000081e00000, 0x0000000088c80000, 0x00000000d5f80000)
  object space 113152K, 30% used [0x0000000081e00000,0x0000000083f63cf0,0x0000000088c80000)
 Metaspace       used 72701K, capacity 76056K, committed 76248K, reserved 1116160K
  class space    used 9617K, capacity 10184K, committed 10240K, reserved 1048576K
}
Event: 98.968 GC heap before
{Heap before GC invocations=20 (full 3):
 PSYoungGen      total 537600K, used 533280K [0x00000000d5f80000, 0x00000000f8c00000, 0x0000000100000000)
  eden space 532992K, 100% used [0x00000000d5f80000,0x00000000f6800000,0x00000000f6800000)
  from space 4608K, 6% used [0x00000000f8780000,0x00000000f87c8000,0x00000000f8c00000)
  to   space 18432K, 0% used [0x00000000f6800000,0x00000000f6800000,0x00000000f7a00000)
 ParOldGen       total 113152K, used 34191K [0x0000000081e00000, 0x0000000088c80000, 0x00000000d5f80000)
  object space 113152K, 30% used [0x0000000081e00000,0x0000000083f63cf0,0x0000000088c80000)
 Metaspace       used 72711K, capacity 76056K, committed 76248K, reserved 1116160K
  class space    used 9617K, capacity 10184K, committed 10240K, reserved 1048576K
Event: 99.011 GC heap after
Heap after GC invocations=20 (full 3):
 PSYoungGen      total 551424K, used 192K [0x00000000d5f80000, 0x00000000f8c00000, 0x0000000100000000)
  eden space 532992K, 0% used [0x00000000d5f80000,0x00000000d5f80000,0x00000000f6800000)
  from space 18432K, 1% used [0x00000000f6800000,0x00000000f6830000,0x00000000f7a00000)
  to   space 4608K, 0% used [0x00000000f8780000,0x00000000f8780000,0x00000000f8c00000)
 ParOldGen       total 113152K, used 34239K [0x0000000081e00000, 0x0000000088c80000, 0x00000000d5f80000)
  object space 113152K, 30% used [0x0000000081e00000,0x0000000083f6fcf0,0x0000000088c80000)
 Metaspace       used 72711K, capacity 76056K, committed 76248K, reserved 1116160K
  class space    used 9617K, capacity 10184K, committed 10240K, reserved 1048576K
}
Event: 120.517 GC heap before
{Heap before GC invocations=21 (full 3):
 PSYoungGen      total 551424K, used 533184K [0x00000000d5f80000, 0x00000000f8c00000, 0x0000000100000000)
  eden space 532992K, 100% used [0x00000000d5f80000,0x00000000f6800000,0x00000000f6800000)
  from space 18432K, 1% used [0x00000000f6800000,0x00000000f6830000,0x00000000f7a00000)
  to   space 4608K, 0% used [0x00000000f8780000,0x00000000f8780000,0x00000000f8c00000)
 ParOldGen       total 113152K, used 34239K [0x0000000081e00000, 0x0000000088c80000, 0x00000000d5f80000)
  object space 113152K, 30% used [0x0000000081e00000,0x0000000083f6fcf0,0x0000000088c80000)
 Metaspace       used 72748K, capacity 76120K, committed 76248K, reserved 1116160K
  class space    used 9617K, capacity 10184K, committed 10240K, reserved 1048576K
Event: 120.551 GC heap after
Heap after GC invocations=21 (full 3):
 PSYoungGen      total 537600K, used 256K [0x00000000d5f80000, 0x00000000f8c00000, 0x0000000100000000)
  eden space 532992K, 0% used [0x00000000d5f80000,0x00000000d5f80000,0x00000000f6800000)
  from space 4608K, 5% used [0x00000000f8780000,0x00000000f87c0000,0x00000000f8c00000)
  to   space 18432K, 0% used [0x00000000f6800000,0x00000000f6800000,0x00000000f7a00000)
 ParOldGen       total 113152K, used 34271K [0x0000000081e00000, 0x0000000088c80000, 0x00000000d5f80000)
  object space 113152K, 30% used [0x0000000081e00000,0x0000000083f77cf0,0x0000000088c80000)
 Metaspace       used 72748K, capacity 76120K, committed 76248K, reserved 1116160K
  class space    used 9617K, capacity 10184K, committed 10240K, reserved 1048576K
}
Event: 134.494 GC heap before
{Heap before GC invocations=22 (full 3):
 PSYoungGen      total 537600K, used 533248K [0x00000000d5f80000, 0x00000000f8c00000, 0x0000000100000000)
  eden space 532992K, 100% used [0x00000000d5f80000,0x00000000f6800000,0x00000000f6800000)
  from space 4608K, 5% used [0x00000000f8780000,0x00000000f87c0000,0x00000000f8c00000)
  to   space 18432K, 0% used [0x00000000f6800000,0x00000000f6800000,0x00000000f7a00000)
 ParOldGen       total 113152K, used 34271K [0x0000000081e00000, 0x0000000088c80000, 0x00000000d5f80000)
  object space 113152K, 30% used [0x0000000081e00000,0x0000000083f77cf0,0x0000000088c80000)
 Metaspace       used 72756K, capacity 76120K, committed 76248K, reserved 1116160K
  class space    used 9617K, capacity 10184K, committed 10240K, reserved 1048576K
Event: 134.515 GC heap after
Heap after GC invocations=22 (full 3):
 PSYoungGen      total 551424K, used 256K [0x00000000d5f80000, 0x00000000f8c00000, 0x0000000100000000)
  eden space 532992K, 0% used [0x00000000d5f80000,0x00000000d5f80000,0x00000000f6800000)
  from space 18432K, 1% used [0x00000000f6800000,0x00000000f6840000,0x00000000f7a00000)
  to   space 4608K, 0% used [0x00000000f8780000,0x00000000f8780000,0x00000000f8c00000)
 ParOldGen       total 113152K, used 34327K [0x0000000081e00000, 0x0000000088c80000, 0x00000000d5f80000)
  object space 113152K, 30% used [0x0000000081e00000,0x0000000083f85cf0,0x0000000088c80000)
 Metaspace       used 72756K, capacity 76120K, committed 76248K, reserved 1116160K
  class space    used 9617K, capacity 10184K, committed 10240K, reserved 1048576K
}

